<?xml version="1.0" encoding="UTF-8"?>
<!-- Generated by org.testng.reporters.JUnitReportReporter -->
<testsuite hostname="IN-F1T7GK3" failures="0" tests="1" name="restassured.Test03_GET" time="0.174" errors="0" timestamp="2025-04-04T16:16:29 IST" skipped="0">
  <testcase classname="restassured.Test03_GET" name="Test03" time="0.174"/>
  <system-out>
    <![CDATA[Testcase Test03 started successfully
Testcase Test03 passed successfully]]>
  </system-out>
</testsuite> <!-- restassured.Test03_GET -->
