<?xml version="1.0" encoding="UTF-8"?>
<!-- Generated by org.testng.reporters.JUnitReportReporter -->
<testsuite hostname="IN-F1T7GK3" failures="0" tests="1" name="restassured.Test04_POST" time="0.541" errors="0" timestamp="2025-04-04T16:16:29 IST" skipped="0">
  <testcase classname="restassured.Test04_POST" name="Test04" time="0.541"/>
  <system-out>
    <![CDATA[Testcase Test04 started successfully
Testcase Test04 passed successfully]]>
  </system-out>
</testsuite> <!-- restassured.Test04_POST -->
