<?xml version="1.0" encoding="UTF-8"?>
<!-- Generated by org.testng.reporters.JUnitReportReporter -->
<testsuite hostname="IN-F1T7GK3" failures="0" tests="1" name="bikewale.Bikewale_test" time="39.602" errors="0" timestamp="2025-04-05T00:48:11 IST" skipped="0">
  <testcase classname="bikewale.Bikewale_test" name="loginBikewale" time="39.602"/>
  <system-out>
    <![CDATA[Testcase loginBikewale started successfully
Testcase loginBikewale passed successfully]]>
  </system-out>
</testsuite> <!-- bikewale.Bikewale_test -->
