<?xml version="1.0" encoding="UTF-8"?>
<!-- Generated by org.testng.reporters.JUnitReportReporter -->
<testsuite hostname="IN-F1T7GK3" failures="0" tests="4" name="restassured.Test02_POST" time="2.208" errors="0" timestamp="2025-04-04T16:16:29 IST" skipped="0">
  <testcase classname="restassured.Test02_POST" name="test02_put" time="0.536"/>
  <system-out>
    <![CDATA[Testcase test02_put started successfully
Testcase test02_put passed successfully]]>
  </system-out>
  <testcase classname="restassured.Test02_POST" name="test03_patch" time="0.471"/>
  <system-out>
    <![CDATA[Testcase test03_patch started successfully
Testcase test03_patch passed successfully]]>
  </system-out>
  <testcase classname="restassured.Test02_POST" name="test04_delete" time="0.510"/>
  <system-out>
    <![CDATA[Testcase test04_delete started successfully
Testcase test04_delete passed successfully]]>
  </system-out>
  <testcase classname="restassured.Test02_POST" name="test01_post" time="0.691"/>
  <system-out>
    <![CDATA[Testcase test01_post started successfully
Testcase test01_post passed successfully]]>
  </system-out>
</testsuite> <!-- restassured.Test02_POST -->
