<?xml version="1.0" encoding="UTF-8"?>
<!-- Generated by org.testng.reporters.JUnitReportReporter -->
<testsuite hostname="IN-F1T7GK3" failures="0" tests="3" name="restassured.Test01_GET" time="2.987" errors="0" timestamp="2025-04-04T16:16:29 IST" skipped="0">
  <testcase classname="restassured.Test01_GET" name="test03" time="1.217"/>
  <system-out>
    <![CDATA[Testcase test03 started successfully
Testcase test03 passed successfully]]>
  </system-out>
  <testcase classname="restassured.Test01_GET" name="test01" time="1.498"/>
  <system-out>
    <![CDATA[Testcase test01 started successfully
Testcase test01 passed successfully]]>
  </system-out>
  <testcase classname="restassured.Test01_GET" name="test02" time="0.272"/>
  <system-out>
    <![CDATA[Testcase test02 started successfully
Testcase test02 passed successfully]]>
  </system-out>
</testsuite> <!-- restassured.Test01_GET -->
