<?xml version="1.0" encoding="UTF-8"?>
<!-- Generated by org.testng.reporters.JUnitReportReporter -->
<testsuite hostname="IN-F1T7GK3" failures="0" tests="1" name="restassured.Test02_Get" time="1.070" errors="0" timestamp="2025-04-04T16:16:29 IST" skipped="0">
  <testcase classname="restassured.Test02_Get" name="test_01" time="1.070"/>
  <system-out>
    <![CDATA[Testcase test_01 started successfully
Testcase test_01 passed successfully]]>
  </system-out>
</testsuite> <!-- restassured.Test02_Get -->
